<?xml version="1.0" encoding="UTF-8"?>
<!-- Generated by org.testng.reporters.JUnitReportReporter -->
<testsuite hostname="DESKTOP-HAF73N1" name="AllTest.Test1" tests="1" failures="0" timestamp="7 Sep 2021 07:05:05 GMT" time="3.678" errors="0">
  <testcase name="testcase1" time="3.678" classname="AllTest.Test1"/>
</testsuite> <!-- AllTest.Test1 -->
